Jan 3, 2014, 4:36:40 PM	?[5426]:	/Users/owenchen/Library/Preferences/com.apple.help.plist,	Finder Info Changed,	0
Jan 3, 2014, 4:36:40 PM	System[0]:	/Users/owenchen/Library/Saved Application State/com.fernlightning.fseventer.savedState,	Folder Changed,	3542578
Jan 3, 2014, 4:36:40 PM	System[0]:	/Users/owenchen/Library/Preferences,	Folder Changed,	3542584
Jan 3, 2014, 4:36:40 PM	?[5426]:	/Users/owenchen/Desktop/.DS_Store,	Stat Changed,	0
Jan 3, 2014, 4:36:40 PM	?[5426]:	/Users/owenchen/Desktop/.DS_Store,	Finder Info Changed,	0
Jan 3, 2014, 4:36:40 PM	?[5426]:	/Users/owenchen/Desktop/.DS_Store,	Stat Changed,	0
Jan 3, 2014, 4:36:40 PM	?[5426]:	/Users/owenchen/Desktop/.DS_Store,	Finder Info Changed,	0
Jan 3, 2014, 4:36:40 PM	Google Chrome[366]:	/private/var/folders/dq/61b0352136l8fdwjwyhkq74r0000gn/T/.com.google.Chrome.F6T80j,	Modified xattr,	0
Jan 3, 2014, 4:36:40 PM	Google Chrome[366]:	/private/var/folders/dq/61b0352136l8fdwjwyhkq74r0000gn/T/.com.google.Chrome.F6T80j,	File Created,	0
Jan 3, 2014, 4:36:40 PM	Google Chrome[366]:	/private/var/folders/dq/61b0352136l8fdwjwyhkq74r0000gn/T/.com.google.Chrome.F6T80j,	Deleted,	0
Jan 3, 2014, 4:36:40 PM	Google Chrome[366]:	/private/var/folders/dq/61b0352136l8fdwjwyhkq74r0000gn/T/.com.google.Chrome.F6T80j,	Stat Changed,	0
Jan 3, 2014, 4:36:40 PM	?[5426]:	/Users/owenchen/Library/Preferences/com.apple.help.plist,	Stat Changed,	0
Jan 3, 2014, 4:36:40 PM	?[5426]:	/Users/owenchen/Library/Preferences/com.apple.help.plist,	Finder Info Changed,	0
Jan 3, 2014, 4:36:40 PM	?[5426]:	/Users/owenchen/Documents/.2MRDAD11UGT6N1HT0098/1ECPM2K1KWCG0P12360D9,	Stat Changed,	0
Jan 3, 2014, 4:36:40 PM	?[5426]:	/Users/owenchen/Desktop/.DS_Store,	Stat Changed,	0
Jan 3, 2014, 4:36:40 PM	?[5426]:	/Users/owenchen/Desktop/.DS_Store,	Finder Info Changed,	0
Jan 3, 2014, 4:36:40 PM	?[5426]:	/Users/owenchen/Desktop/.DS_Store,	Stat Changed,	0
Jan 3, 2014, 4:36:40 PM	?[5426]:	/Users/owenchen/Desktop/.DS_Store,	Finder Info Changed,	0
Jan 3, 2014, 4:36:40 PM	?[5426]:	/Users/owenchen/Desktop/.DS_Store,	Stat Changed,	0
Jan 3, 2014, 4:36:40 PM	?[5426]:	/Users/owenchen/Desktop/.DS_Store,	Finder Info Changed,	0
Jan 3, 2014, 4:36:40 PM	?[5426]:	/Users/owenchen/Desktop/.DS_Store,	Stat Changed,	0
Jan 3, 2014, 4:36:40 PM	?[5426]:	/Users/owenchen/Desktop/.DS_Store,	Finder Info Changed,	0
Jan 3, 2014, 4:36:40 PM	?[5426]:	/Users/owenchen/Library/Application Support/.9DE6435226FDE09B/EAD9BEF80E34CBFFFF53B49A,	Stat Changed,	0
Jan 3, 2014, 4:36:40 PM	?[5426]:	/Users/owenchen/Desktop/.DS_Store,	Stat Changed,	0
Jan 3, 2014, 4:36:40 PM	?[5426]:	/Users/owenchen/Desktop/.DS_Store,	Finder Info Changed,	0
Jan 3, 2014, 4:36:40 PM	?[5426]:	/Users/owenchen/Desktop/.DS_Store,	Stat Changed,	0
Jan 3, 2014, 4:36:40 PM	?[5426]:	/Users/owenchen/Desktop/.DS_Store,	Finder Info Changed,	0
Jan 3, 2014, 4:36:41 PM	?[5426]:	/Users/owenchen/Library/Preferences/com.apple.help.plist,	Stat Changed,	0
Jan 3, 2014, 4:36:41 PM	?[5426]:	/Users/owenchen/Library/Preferences/com.apple.help.plist,	Finder Info Changed,	0
Jan 3, 2014, 4:36:41 PM	?[5426]:	/Users/owenchen/Library/Preferences/com.apple.help.plist/rsrc,	Content Modified,	0
Jan 3, 2014, 4:36:41 PM	?[5426]:	/Users/owenchen/Library/Preferences/com.apple.help.plist,	Stat Changed,	0
Jan 3, 2014, 4:36:41 PM	?[5426]:	/Users/owenchen/Library/Preferences/com.apple.help.plist,	Finder Info Changed,	0
Jan 3, 2014, 4:36:41 PM	?[5426]:	/Users/owenchen/Documents/.2MRDAD11UGT6N1HT0098/1ECPM2K1KWCG0P12360D9,	Stat Changed,	0
Jan 3, 2014, 4:36:41 PM	?[5426]:	/Users/owenchen/Documents/.2MRDAD11UGT6N1HT0098/1ECPM2K1KWCG0P12360D9,	Content Modified,	0
Jan 3, 2014, 4:36:41 PM	?[5426]:	/Users/owenchen/Documents/.2MRDAD11UGT6N1HT0098/1ECPM2K1KWCG0P12360D9,	Stat Changed,	0
Jan 3, 2014, 4:36:41 PM	?[5426]:	/Users/owenchen/Desktop/.DS_Store,	Stat Changed,	0
Jan 3, 2014, 4:36:41 PM	?[5426]:	/Users/owenchen/Desktop/.DS_Store,	Finder Info Changed,	0
Jan 3, 2014, 4:36:41 PM	?[5426]:	/Users/owenchen/Desktop/.DS_Store,	Stat Changed,	0
Jan 3, 2014, 4:36:41 PM	?[5426]:	/Users/owenchen/Desktop/.DS_Store,	Finder Info Changed,	0
Jan 3, 2014, 4:36:41 PM	?[5426]:	/Users/owenchen/Desktop/.DS_Store,	Stat Changed,	0
Jan 3, 2014, 4:36:41 PM	?[5426]:	/Users/owenchen/Desktop/.DS_Store,	Finder Info Changed,	0
Jan 3, 2014, 4:36:41 PM	?[5426]:	/Users/owenchen/Desktop/.DS_Store/rsrc,	Content Modified,	0
Jan 3, 2014, 4:36:41 PM	?[5426]:	/Users/owenchen/Desktop/.DS_Store,	Stat Changed,	0
Jan 3, 2014, 4:36:41 PM	?[5426]:	/Users/owenchen/Desktop/.DS_Store,	Finder Info Changed,	0
Jan 3, 2014, 4:36:41 PM	?[5426]:	/Users/owenchen/Public,	Modified xattr,	0
Jan 3, 2014, 4:36:41 PM	?[5426]:	/Users/owenchen/Library/Application Support/.9DE6435226FDE09B/EAD9BEF80E34CBFFFF53B49A,	Stat Changed,	0
Jan 3, 2014, 4:36:41 PM	?[5426]:	/Users/owenchen/Library/Application Support/.9DE6435226FDE09B/EAD9BEF80E34CBFFFF53B49A,	Content Modified,	0
Jan 3, 2014, 4:36:41 PM	?[5426]:	/Users/owenchen/Library/Application Support/.9DE6435226FDE09B/EAD9BEF80E34CBFFFF53B49A,	Stat Changed,	0
Jan 3, 2014, 4:36:41 PM	?[5426]:	/Users/owenchen/Desktop/.DS_Store,	Stat Changed,	0
Jan 3, 2014, 4:36:41 PM	?[5426]:	/Users/owenchen/Desktop/.DS_Store,	Finder Info Changed,	0
Jan 3, 2014, 4:36:41 PM	?[5426]:	/Users/owenchen/Desktop/.DS_Store,	Stat Changed,	0
Jan 3, 2014, 4:36:41 PM	?[5426]:	/Users/owenchen/Desktop/.DS_Store,	Finder Info Changed,	0
Jan 3, 2014, 4:36:41 PM	?[5426]:	/Users/owenchen/Desktop/.DS_Store,	Stat Changed,	0
Jan 3, 2014, 4:36:41 PM	?[5426]:	/Users/owenchen/Desktop/.DS_Store,	Finder Info Changed,	0
Jan 3, 2014, 4:36:41 PM	?[5426]:	/Users/owenchen/Desktop/.DS_Store/rsrc,	Stat Changed,	0
Jan 3, 2014, 4:36:41 PM	?[5426]:	/Users/owenchen/Desktop/.DS_Store/rsrc,	Content Modified,	0
Jan 3, 2014, 4:36:41 PM	System[0]:	/private/var/folders/dq/61b0352136l8fdwjwyhkq74r0000gn/T,	Folder Changed,	3542608
Jan 3, 2014, 4:36:41 PM	System[0]:	/Users/owenchen/Library/Preferences,	Folder Changed,	3542671
Jan 3, 2014, 4:36:41 PM	System[0]:	/Users/owenchen/Documents/.2MRDAD11UGT6N1HT0098,	Folder Changed,	3542680
Jan 3, 2014, 4:36:41 PM	System[0]:	/Users/owenchen,	Folder Changed,	3542710
Jan 3, 2014, 4:36:41 PM	System[0]:	/Users/owenchen/Library/Application Support/.9DE6435226FDE09B,	Folder Changed,	3542719
Jan 3, 2014, 4:36:41 PM	System[0]:	/Users/owenchen/Desktop,	Folder Changed,	3542743
Jan 3, 2014, 4:36:41 PM	?[5426]:	/Users/owenchen/Desktop/.DS_Store,	Stat Changed,	0
Jan 3, 2014, 4:36:41 PM	?[5426]:	/Users/owenchen/Desktop/.DS_Store,	Finder Info Changed,	0
Jan 3, 2014, 4:36:41 PM	?[5426]:	/Users/owenchen/Public,	Modified xattr,	0
Jan 3, 2014, 4:36:41 PM	Google Chrome[366]:	/private/var/folders/dq/61b0352136l8fdwjwyhkq74r0000gn/T/.com.google.Chrome.G1r73k,	Modified xattr,	0
Jan 3, 2014, 4:36:41 PM	Google Chrome[366]:	/private/var/folders/dq/61b0352136l8fdwjwyhkq74r0000gn/T/.com.google.Chrome.G1r73k,	File Created,	0
Jan 3, 2014, 4:36:41 PM	Google Chrome[366]:	/private/var/folders/dq/61b0352136l8fdwjwyhkq74r0000gn/T/.com.google.Chrome.G1r73k,	Deleted,	0
Jan 3, 2014, 4:36:41 PM	Google Chrome[366]:	/private/var/folders/dq/61b0352136l8fdwjwyhkq74r0000gn/T/.com.google.Chrome.G1r73k,	Stat Changed,	0
Jan 3, 2014, 4:36:42 PM	System[0]:	/Users/owenchen/Desktop,	Folder Changed,	3542749
Jan 3, 2014, 4:36:42 PM	System[0]:	/Users/owenchen,	Folder Changed,	3542752
Jan 3, 2014, 4:36:42 PM	System[0]:	/private/var/folders/dq/61b0352136l8fdwjwyhkq74r0000gn/T,	Folder Changed,	3542764
Jan 3, 2014, 4:36:42 PM	?[5426]:	/Users/owenchen/Library/Preferences/Authorization Preferences/Authorization Temp,	Content Modified,	0
Jan 3, 2014, 4:36:42 PM	?[5426]:	/Users/owenchen/Library/Preferences/Authorization Preferences/Authorization Temp,	Deleted,	0
Jan 3, 2014, 4:36:42 PM	?[5426]:	/Users/owenchen/Library/Preferences/Authorization Preferences/Authorization Log,	Content Modified,	0
Jan 3, 2014, 4:36:43 PM	?[5429]:	/private/var/folders/dq/61b0352136l8fdwjwyhkq74r0000gn/C/com.apple.LaunchServices-044501.csstore~,	File Created,	0
Jan 3, 2014, 4:36:43 PM	System[0]:	/Users/owenchen/Library/Preferences/Authorization Preferences,	Folder Changed,	3542773
Jan 3, 2014, 4:36:43 PM	System[0]:	/private/var/folders/dq/61b0352136l8fdwjwyhkq74r0000gn/C,	Folder Changed,	3542776
Jan 3, 2014, 4:36:43 PM	?[5429]:	/private/var/folders/dq/61b0352136l8fdwjwyhkq74r0000gn/C/com.apple.LaunchServices-044501.csstore~,	Content Modified,	0
Jan 3, 2014, 4:36:43 PM	?[5429]:	/private/var/folders/dq/61b0352136l8fdwjwyhkq74r0000gn/C/com.apple.LaunchServices-044501.csstore~,	Renamed,	0
Jan 3, 2014, 4:36:43 PM	?[5429]:	/private/var/folders/dq/61b0352136l8fdwjwyhkq74r0000gn/C/com.apple.LaunchServices-044501.csstore,	Renamed,	0
Jan 3, 2014, 4:36:43 PM	cfprefsd[4804]:	/Users/owenchen/Library/Preferences/ByHost/com.apple.loginwindow.9E492CCC-C059-5282-B70A-36385DDE7CA4.plist.TOFvKcL,	File Created,	0
Jan 3, 2014, 4:36:44 PM	cfprefsd[4804]:	/Users/owenchen/Library/Preferences/com.apple.spaces.plist.l6h3POn,	File Created,	0
Jan 3, 2014, 4:36:44 PM	warmd[24]:	/private/var/db/BootCaches/6DCC1580-6510-4669-A1CD-E479E84AE726/app.com.cycling74.Max.playlist.7KHKpi,	File Created,	0
Jan 3, 2014, 4:36:44 PM	warmd[24]:	/private/var/db/BootCaches/6DCC1580-6510-4669-A1CD-E479E84AE726/app.com.cycling74.Max.playlist.7KHKpi,	Content Modified,	0
Jan 3, 2014, 4:36:44 PM	warmd[24]:	/private/var/db/BootCaches/6DCC1580-6510-4669-A1CD-E479E84AE726/app.com.cycling74.Max.playlist.7KHKpi,	Renamed,	0
Jan 3, 2014, 4:36:44 PM	warmd[24]:	/private/var/db/BootCaches/6DCC1580-6510-4669-A1CD-E479E84AE726/app.com.cycling74.Max.playlist,	Renamed,	0
Jan 3, 2014, 4:36:44 PM	warmd[24]:	/private/var/db/BootCaches/6DCC1580-6510-4669-A1CD-E479E84AE726/app.com.cycling74.Max.playlist,	Modified xattr,	0
Jan 3, 2014, 4:36:44 PM	System[0]:	/private/var/folders/dq/61b0352136l8fdwjwyhkq74r0000gn/C,	Folder Changed,	3542784
Jan 3, 2014, 4:36:44 PM	System[0]:	/Users/owenchen/Library/Preferences/ByHost,	Folder Changed,	3542787
Jan 3, 2014, 4:36:44 PM	System[0]:	/Users/owenchen/Library/Preferences,	Folder Changed,	3542790
Jan 3, 2014, 4:36:44 PM	System[0]:	/private/var/db/BootCaches/6DCC1580-6510-4669-A1CD-E479E84AE726,	Folder Changed,	3542804
Jan 3, 2014, 4:36:46 PM	cfprefsd[4804]:	/Users/owenchen/Library/Preferences/ByHost/com.apple.loginwindow.9E492CCC-C059-5282-B70A-36385DDE7CA4.plist.TOFvKcL,	Chown,	0
Jan 3, 2014, 4:36:46 PM	cfprefsd[4804]:	/Users/owenchen/Library/Preferences/ByHost/com.apple.loginwindow.9E492CCC-C059-5282-B70A-36385DDE7CA4.plist.TOFvKcL,	Chown,	0
Jan 3, 2014, 4:36:46 PM	cfprefsd[4804]:	/Users/owenchen/Library/Preferences/ByHost/com.apple.loginwindow.9E492CCC-C059-5282-B70A-36385DDE7CA4.plist.TOFvKcL,	Content Modified,	0
Jan 3, 2014, 4:36:46 PM	cfprefsd[4804]:	/Users/owenchen/Library/Preferences/ByHost/com.apple.loginwindow.9E492CCC-C059-5282-B70A-36385DDE7CA4.plist.TOFvKcL,	Renamed,	0
Jan 3, 2014, 4:36:46 PM	cfprefsd[4804]:	/Users/owenchen/Library/Preferences/ByHost/com.apple.loginwindow.9E492CCC-C059-5282-B70A-36385DDE7CA4.plist,	Renamed,	0
Jan 3, 2014, 4:36:47 PM	cfprefsd[4804]:	/Users/owenchen/Library/Preferences/com.apple.spaces.plist.l6h3POn,	Chown,	0
Jan 3, 2014, 4:36:47 PM	cfprefsd[4804]:	/Users/owenchen/Library/Preferences/com.apple.spaces.plist.l6h3POn,	Chown,	0
Jan 3, 2014, 4:36:47 PM	cfprefsd[4804]:	/Users/owenchen/Library/Preferences/com.apple.spaces.plist.l6h3POn,	Content Modified,	0
Jan 3, 2014, 4:36:47 PM	cfprefsd[4804]:	/Users/owenchen/Library/Preferences/com.apple.spaces.plist.l6h3POn,	Renamed,	0
Jan 3, 2014, 4:36:47 PM	cfprefsd[4804]:	/Users/owenchen/Library/Preferences/com.apple.spaces.plist,	Renamed,	0
Jan 3, 2014, 4:36:47 PM	cfprefsd[4804]:	/Users/owenchen/Library/Preferences/com.apple.spotlight.plist.G7IdgY3,	Chown,	0
Jan 3, 2014, 4:36:47 PM	cfprefsd[4804]:	/Users/owenchen/Library/Preferences/com.apple.spotlight.plist.G7IdgY3,	Chown,	0
Jan 3, 2014, 4:36:47 PM	cfprefsd[4804]:	/Users/owenchen/Library/Preferences/com.apple.spotlight.plist.G7IdgY3,	Content Modified,	0
Jan 3, 2014, 4:36:47 PM	cfprefsd[4804]:	/Users/owenchen/Library/Preferences/com.apple.spotlight.plist.G7IdgY3,	Renamed,	0
Jan 3, 2014, 4:36:47 PM	cfprefsd[4804]:	/Users/owenchen/Library/Preferences/com.apple.spotlight.plist,	Renamed,	0
Jan 3, 2014, 4:36:47 PM	cfprefsd[4804]:	/Users/owenchen/Library/Preferences/com.fernlightning.fseventer.plist.GtMRfLI,	Chown,	0
Jan 3, 2014, 4:36:47 PM	cfprefsd[4804]:	/Users/owenchen/Library/Preferences/com.fernlightning.fseventer.plist.GtMRfLI,	Chown,	0
Jan 3, 2014, 4:36:47 PM	cfprefsd[4804]:	/Users/owenchen/Library/Preferences/com.fernlightning.fseventer.plist.GtMRfLI,	Content Modified,	0
Jan 3, 2014, 4:36:47 PM	cfprefsd[4804]:	/Users/owenchen/Library/Preferences/com.fernlightning.fseventer.plist.GtMRfLI,	Renamed,	0
Jan 3, 2014, 4:36:47 PM	cfprefsd[4804]:	/Users/owenchen/Library/Preferences/com.fernlightning.fseventer.plist,	Renamed,	0
Jan 3, 2014, 4:36:47 PM	System[0]:	/Users/owenchen/Library/Preferences/ByHost,	Folder Changed,	3542818
Jan 3, 2014, 4:36:47 PM	System[0]:	/Users/owenchen/Library/Preferences,	Folder Changed,	3542860
Jan 3, 2014, 4:36:47 PM	quicklookd[5431]:	/Users/owenchen/Library/Caches/com.apple.QuickLookDaemon/Cache.db-shm,	Stat Changed,	0
Jan 3, 2014, 4:36:47 PM	quicklookd[5431]:	/private/var/folders/dq/61b0352136l8fdwjwyhkq74r0000gn/C/com.apple.QuickLook.thumbnailcache/dirty,	File Created,	0
Jan 3, 2014, 4:36:47 PM	quicklookd[5431]:	/private/var/folders/dq/61b0352136l8fdwjwyhkq74r0000gn/C/mds/mdsObject.db,	Deleted,	0
Jan 3, 2014, 4:36:48 PM	Google Chrome[366]:	/Users/owenchen/Library/Application Support/Google/Chrome/.com.google.Chrome.j3rLXK,	Modified xattr,	0
Jan 3, 2014, 4:36:48 PM	Google Chrome[366]:	/Users/owenchen/Library/Application Support/Google/Chrome/.com.google.Chrome.j3rLXK,	File Created,	0
Jan 3, 2014, 4:36:48 PM	quicklookd[5431]:	/private/var/folders/dq/61b0352136l8fdwjwyhkq74r0000gn/C/mds/mdsObject.db_,	File Created,	0
Jan 3, 2014, 4:36:48 PM	quicklookd[5431]:	/private/var/folders/dq/61b0352136l8fdwjwyhkq74r0000gn/C/mds/mdsObject.db_,	Chown,	0
Jan 3, 2014, 4:36:48 PM	quicklookd[5431]:	/private/var/folders/dq/61b0352136l8fdwjwyhkq74r0000gn/C/mds/mdsObject.db_,	Content Modified,	0
Jan 3, 2014, 4:36:48 PM	quicklookd[5431]:	/private/var/folders/dq/61b0352136l8fdwjwyhkq74r0000gn/C/mds/mdsObject.db_,	Renamed,	0
Jan 3, 2014, 4:36:48 PM	quicklookd[5431]:	/private/var/folders/dq/61b0352136l8fdwjwyhkq74r0000gn/C/mds/mdsObject.db,	Renamed,	0
Jan 3, 2014, 4:36:48 PM	quicklookd[5431]:	/private/var/folders/dq/61b0352136l8fdwjwyhkq74r0000gn/C/mds/mdsDirectory.db_,	File Created,	0
Jan 3, 2014, 4:36:48 PM	quicklookd[5431]:	/private/var/folders/dq/61b0352136l8fdwjwyhkq74r0000gn/C/mds/mdsDirectory.db_,	Chown,	0
Jan 3, 2014, 4:36:48 PM	quicklookd[5431]:	/private/var/folders/dq/61b0352136l8fdwjwyhkq74r0000gn/C/mds/mdsDirectory.db_,	Content Modified,	0
Jan 3, 2014, 4:36:48 PM	quicklookd[5431]:	/private/var/folders/dq/61b0352136l8fdwjwyhkq74r0000gn/C/mds/mdsDirectory.db_,	Renamed,	0
Jan 3, 2014, 4:36:48 PM	quicklookd[5431]:	/private/var/folders/dq/61b0352136l8fdwjwyhkq74r0000gn/C/mds/mdsDirectory.db,	Renamed,	0
Jan 3, 2014, 4:36:48 PM	Google Chrome[366]:	/Users/owenchen/Library/Application Support/Google/Chrome/.com.google.Chrome.j3rLXK,	Content Modified,	0
Jan 3, 2014, 4:36:48 PM	quicklookd[5431]:	/private/var/folders/dq/61b0352136l8fdwjwyhkq74r0000gn/C/com.apple.QuickLook.thumbnailcache/dirty,	Deleted,	0
Jan 3, 2014, 4:36:48 PM	Google Chrome[366]:	/Users/owenchen/Library/Application Support/Google/Chrome/.com.google.Chrome.j3rLXK,	Renamed,	0
Jan 3, 2014, 4:36:48 PM	Google Chrome[366]:	/Users/owenchen/Library/Application Support/Google/Chrome/Local State,	Renamed,	0
Jan 3, 2014, 4:36:48 PM	quicklookd[5431]:	/Users/owenchen/Library/Caches/com.apple.QuickLookDaemon/Cache.db,	Stat Changed,	0
Jan 3, 2014, 4:36:48 PM	System[0]:	/private/var/folders/dq/61b0352136l8fdwjwyhkq74r0000gn/C/mds,	Folder Changed,	3542902
Jan 3, 2014, 4:36:48 PM	System[0]:	/private/var/folders/dq/61b0352136l8fdwjwyhkq74r0000gn/C/com.apple.QuickLook.thumbnailcache,	Folder Changed,	3542908
Jan 3, 2014, 4:36:48 PM	System[0]:	/Users/owenchen/Library/Application Support/Google/Chrome,	Folder Changed,	3542913
Jan 3, 2014, 4:36:48 PM	System[0]:	/Users/owenchen/Library/Caches/com.apple.QuickLookDaemon,	Folder Changed,	3542916
Jan 3, 2014, 4:36:48 PM	quicklookd[5431]:	/Users/owenchen/Library/Caches/com.apple.QuickLookDaemon/Cache.db-wal,	Stat Changed,	0
Jan 3, 2014, 4:36:48 PM	quicklookd[5431]:	/Users/owenchen/Library/Caches/com.apple.QuickLookDaemon/Cache.db-wal,	Content Modified,	0
Jan 3, 2014, 4:36:48 PM	quicklookd[5431]:	/Users/owenchen/Library/Caches/com.apple.QuickLookDaemon/Cache.db,	Content Modified,	0
Jan 3, 2014, 4:36:49 PM	System[0]:	/Users/owenchen/Library/Caches/com.apple.QuickLookDaemon,	Folder Changed,	3542925
Jan 3, 2014, 4:36:50 PM	mdflagwriter[547]:	/Users/owenchen/Library/Application Support/Google/Chrome/Local State,	Finder Info Changed,	0
Jan 3, 2014, 4:36:50 PM	System[0]:	/Users/owenchen/Library/Application Support/Google/Chrome,	Folder Changed,	3542928
Jan 3, 2014, 4:36:52 PM	?[5434]:	/private/var/folders/dq/61b0352136l8fdwjwyhkq74r0000gn/T/TemporaryItems/Max-mxt/oobo,	Deleted,	0
Jan 3, 2014, 4:36:52 PM	?[5434]:	/private/var/folders/dq/61b0352136l8fdwjwyhkq74r0000gn/T/TemporaryItems/Max-mxt,	Deleted,	0
Jan 3, 2014, 4:36:52 PM	?[5426]:	/private/var/folders/dq/61b0352136l8fdwjwyhkq74r0000gn/T/TemporaryItems/Max-mxt,	Folder Created,	0
Jan 3, 2014, 4:36:52 PM	?[5426]:	/private/var/folders/dq/61b0352136l8fdwjwyhkq74r0000gn/T/TemporaryItems/Max-mxt/oobo,	File Created,	0
Jan 3, 2014, 4:36:52 PM	?[5426]:	/private/var/folders/dq/61b0352136l8fdwjwyhkq74r0000gn/T/TemporaryItems/Max-mxt/oobo,	Content Modified,	0
Jan 3, 2014, 4:36:52 PM	System[0]:	/private/var/folders/dq/61b0352136l8fdwjwyhkq74r0000gn/T/TemporaryItems,	Folder Changed,	3542937
Jan 3, 2014, 4:36:52 PM	System[0]:	/private/var/folders/dq/61b0352136l8fdwjwyhkq74r0000gn/T/TemporaryItems/Max-mxt,	Folder Changed,	3542943
Jan 3, 2014, 4:36:53 PM	quicklookd[5431]:	/private/var/folders/dq/61b0352136l8fdwjwyhkq74r0000gn/C/com.apple.QuickLook.thumbnailcache/dirty,	File Created,	0
Jan 3, 2014, 4:36:53 PM	quicklookd[5431]:	/private/var/folders/dq/61b0352136l8fdwjwyhkq74r0000gn/C/com.apple.QuickLook.thumbnailcache/index.sqlite-journal,	File Created,	0
Jan 3, 2014, 4:36:53 PM	?[5435]:	/private/var/folders/dq/61b0352136l8fdwjwyhkq74r0000gn/C/com.apple.LaunchServices-044501.csstore~,	File Created,	0
Jan 3, 2014, 4:36:53 PM	?[5435]:	/private/var/folders/dq/61b0352136l8fdwjwyhkq74r0000gn/C/com.apple.LaunchServices-044501.csstore~,	Content Modified,	0
Jan 3, 2014, 4:36:53 PM	?[5435]:	/private/var/folders/dq/61b0352136l8fdwjwyhkq74r0000gn/C/com.apple.LaunchServices-044501.csstore~,	Renamed,	0
Jan 3, 2014, 4:36:53 PM	?[5435]:	/private/var/folders/dq/61b0352136l8fdwjwyhkq74r0000gn/C/com.apple.LaunchServices-044501.csstore,	Renamed,	0
Jan 3, 2014, 4:36:53 PM	quicklookd[5431]:	/private/var/folders/dq/61b0352136l8fdwjwyhkq74r0000gn/C/com.apple.QuickLook.thumbnailcache/index.sqlite-journal,	Content Modified,	0
Jan 3, 2014, 4:36:53 PM	quicklookd[5431]:	/private/var/folders/dq/61b0352136l8fdwjwyhkq74r0000gn/C/com.apple.QuickLook.thumbnailcache/index.sqlite-journal,	Deleted,	0
Jan 3, 2014, 4:36:53 PM	quicklookd[5431]:	/private/var/folders/dq/61b0352136l8fdwjwyhkq74r0000gn/C/com.apple.QuickLook.thumbnailcache/dirty,	Deleted,	0
Jan 3, 2014, 4:36:53 PM	System[0]:	/private/var/folders/dq/61b0352136l8fdwjwyhkq74r0000gn/C,	Folder Changed,	3542960
Jan 3, 2014, 4:36:53 PM	System[0]:	/private/var/folders/dq/61b0352136l8fdwjwyhkq74r0000gn/C/com.apple.QuickLook.thumbnailcache,	Folder Changed,	3542969
Jan 3, 2014, 4:36:53 PM	?[5426]:	/Users/owenchen/Library/Application Support/Cycling '74/translation.maxpref,	Content Modified,	0
Jan 3, 2014, 4:36:53 PM	Spotify[3593]:	/Users/owenchen/Library/Application Support/Spotify/prefs.tmp,	File Created,	0
Jan 3, 2014, 4:36:53 PM	Spotify[3593]:	/Users/owenchen/Library/Application Support/Spotify/prefs.tmp,	Content Modified,	0
Jan 3, 2014, 4:36:53 PM	?[5426]:	/Users/owenchen/Library/Preferences/Authorization Preferences/Authorization Temp,	File Created,	0
Jan 3, 2014, 4:36:53 PM	?[5426]:	/Users/owenchen/Library/Preferences/Authorization Preferences/Authorization Temp,	Stat Changed,	0
Jan 3, 2014, 4:36:53 PM	?[5426]:	/Users/owenchen/Library/Preferences/Authorization Preferences/Authorization Temp,	Finder Info Changed,	0
Jan 3, 2014, 4:36:53 PM	?[5426]:	/Users/owenchen/Library/Preferences/Authorization Preferences/Authorization Temp,	Chown,	0
Jan 3, 2014, 4:36:54 PM	Spotify[3593]:	/Users/owenchen/Library/Application Support/Spotify/prefs.tmp,	Renamed,	0
Jan 3, 2014, 4:36:54 PM	Spotify[3593]:	/Users/owenchen/Library/Application Support/Spotify/prefs,	Renamed,	0
Jan 3, 2014, 4:36:54 PM	?[5426]:	/Users/owenchen/Library/Preferences/com.apple.help.plist,	Stat Changed,	0
Jan 3, 2014, 4:36:54 PM	?[5426]:	/Users/owenchen/Library/Preferences/com.apple.help.plist,	Finder Info Changed,	0
Jan 3, 2014, 4:36:54 PM	?[5426]:	/Users/owenchen/Desktop/.DS_Store,	Stat Changed,	0
Jan 3, 2014, 4:36:54 PM	?[5426]:	/Users/owenchen/Desktop/.DS_Store,	Finder Info Changed,	0
Jan 3, 2014, 4:36:54 PM	?[5426]:	/Users/owenchen/Desktop/.DS_Store,	Stat Changed,	0
Jan 3, 2014, 4:36:54 PM	?[5426]:	/Users/owenchen/Desktop/.DS_Store,	Finder Info Changed,	0
Jan 3, 2014, 4:36:54 PM	?[5426]:	/Users/owenchen/Library/Preferences/com.apple.help.plist,	Stat Changed,	0
Jan 3, 2014, 4:36:54 PM	?[5426]:	/Users/owenchen/Library/Preferences/com.apple.help.plist,	Finder Info Changed,	0
Jan 3, 2014, 4:36:54 PM	?[5426]:	/Users/owenchen/Documents/.2MRDAD11UGT6N1HT0098/SQFUSCQ1KMRSD6UMN5N7M,	Stat Changed,	0
Jan 3, 2014, 4:36:54 PM	?[5426]:	/Users/owenchen/Desktop/.DS_Store,	Stat Changed,	0
Jan 3, 2014, 4:36:54 PM	?[5426]:	/Users/owenchen/Desktop/.DS_Store,	Finder Info Changed,	0
Jan 3, 2014, 4:36:54 PM	?[5426]:	/Users/owenchen/Desktop/.DS_Store,	Stat Changed,	0
Jan 3, 2014, 4:36:54 PM	?[5426]:	/Users/owenchen/Desktop/.DS_Store,	Finder Info Changed,	0
Jan 3, 2014, 4:36:54 PM	?[5426]:	/Users/owenchen/Desktop/.DS_Store,	Stat Changed,	0
Jan 3, 2014, 4:36:54 PM	?[5426]:	/Users/owenchen/Desktop/.DS_Store,	Finder Info Changed,	0
Jan 3, 2014, 4:36:54 PM	?[5426]:	/Users/owenchen/Desktop/.DS_Store,	Stat Changed,	0
Jan 3, 2014, 4:36:54 PM	?[5426]:	/Users/owenchen/Desktop/.DS_Store,	Finder Info Changed,	0
Jan 3, 2014, 4:36:54 PM	?[5426]:	/Users/owenchen/Library/Application Support/.9DE6435226FDE09B/NQ5ET_zbGLcS_E73DQ0A,	Stat Changed,	0
Jan 3, 2014, 4:36:54 PM	?[5426]:	/Users/owenchen/Desktop/.DS_Store,	Stat Changed,	0
Jan 3, 2014, 4:36:54 PM	?[5426]:	/Users/owenchen/Desktop/.DS_Store,	Finder Info Changed,	0
Jan 3, 2014, 4:36:54 PM	?[5426]:	/Users/owenchen/Desktop/.DS_Store,	Stat Changed,	0
Jan 3, 2014, 4:36:54 PM	?[5426]:	/Users/owenchen/Desktop/.DS_Store,	Finder Info Changed,	0
Jan 3, 2014, 4:36:54 PM	?[5426]:	/Users/owenchen/Library/Preferences/com.apple.help.plist,	Stat Changed,	0
Jan 3, 2014, 4:36:54 PM	?[5426]:	/Users/owenchen/Library/Preferences/com.apple.help.plist,	Finder Info Changed,	0
Jan 3, 2014, 4:36:54 PM	?[5426]:	/Users/owenchen/Documents/.2MRDAD11UGT6N1HT0098/SQFUSCQ1KMRSD6UMN5N7M,	Stat Changed,	0
Jan 3, 2014, 4:36:54 PM	?[5426]:	/Users/owenchen/Desktop/.DS_Store,	Stat Changed,	0
Jan 3, 2014, 4:36:54 PM	?[5426]:	/Users/owenchen/Desktop/.DS_Store,	Finder Info Changed,	0
Jan 3, 2014, 4:36:54 PM	?[5426]:	/Users/owenchen/Desktop/.DS_Store,	Stat Changed,	0
Jan 3, 2014, 4:36:54 PM	?[5426]:	/Users/owenchen/Desktop/.DS_Store,	Finder Info Changed,	0
Jan 3, 2014, 4:36:54 PM	?[5426]:	/Users/owenchen/Library/Application Support/.9DE6435226FDE09B/NQ5ET_zbGLcS_E73DQ0A,	Stat Changed,	0
Jan 3, 2014, 4:36:54 PM	?[5426]:	/Users/owenchen/Desktop/.DS_Store,	Stat Changed,	0
Jan 3, 2014, 4:36:54 PM	?[5426]:	/Users/owenchen/Desktop/.DS_Store,	Finder Info Changed,	0
Jan 3, 2014, 4:36:54 PM	?[5426]:	/Users/owenchen/Desktop/.DS_Store,	Stat Changed,	0
Jan 3, 2014, 4:36:54 PM	?[5426]:	/Users/owenchen/Desktop/.DS_Store,	Finder Info Changed,	0
Jan 3, 2014, 4:36:54 PM	?[5426]:	/Users/owenchen/Library/Preferences/com.apple.help.plist,	Stat Changed,	0
Jan 3, 2014, 4:36:54 PM	?[5426]:	/Users/owenchen/Library/Preferences/com.apple.help.plist,	Finder Info Changed,	0
Jan 3, 2014, 4:36:54 PM	?[5426]:	/Users/owenchen/Documents/.2MRDAD11UGT6N1HT0098/SQFUSCQ1KMRSD6UMN5N7M,	Stat Changed,	0
Jan 3, 2014, 4:36:54 PM	?[5426]:	/Users/owenchen/Desktop/.DS_Store,	Stat Changed,	0
Jan 3, 2014, 4:36:54 PM	?[5426]:	/Users/owenchen/Desktop/.DS_Store,	Finder Info Changed,	0
Jan 3, 2014, 4:36:54 PM	?[5426]:	/Users/owenchen/Desktop/.DS_Store,	Stat Changed,	0
Jan 3, 2014, 4:36:54 PM	?[5426]:	/Users/owenchen/Desktop/.DS_Store,	Finder Info Changed,	0
Jan 3, 2014, 4:36:54 PM	?[5426]:	/Users/owenchen/Library/Application Support/.9DE6435226FDE09B/NQ5ET_zbGLcS_E73DQ0A,	Stat Changed,	0
Jan 3, 2014, 4:36:54 PM	?[5426]:	/Users/owenchen/Desktop/.DS_Store,	Stat Changed,	0
Jan 3, 2014, 4:36:54 PM	?[5426]:	/Users/owenchen/Desktop/.DS_Store,	Finder Info Changed,	0
Jan 3, 2014, 4:36:54 PM	?[5426]:	/Users/owenchen/Desktop/.DS_Store,	Stat Changed,	0
Jan 3, 2014, 4:36:54 PM	?[5426]:	/Users/owenchen/Desktop/.DS_Store,	Finder Info Changed,	0
Jan 3, 2014, 4:36:54 PM	?[5426]:	/Users/owenchen/Library/Preferences/com.apple.help.plist,	Stat Changed,	0
Jan 3, 2014, 4:36:54 PM	?[5426]:	/Users/owenchen/Library/Preferences/com.apple.help.plist,	Finder Info Changed,	0
Jan 3, 2014, 4:36:54 PM	?[5426]:	/Users/owenchen/Library/Preferences/com.apple.help.plist/rsrc,	Content Modified,	0
Jan 3, 2014, 4:36:54 PM	?[5426]:	/Users/owenchen/Library/Preferences/com.apple.help.plist,	Stat Changed,	0
Jan 3, 2014, 4:36:54 PM	?[5426]:	/Users/owenchen/Library/Preferences/com.apple.help.plist,	Finder Info Changed,	0
Jan 3, 2014, 4:36:54 PM	?[5426]:	/Users/owenchen/Documents/.2MRDAD11UGT6N1HT0098/SQFUSCQ1KMRSD6UMN5N7M,	Stat Changed,	0
Jan 3, 2014, 4:36:54 PM	?[5426]:	/Users/owenchen/Documents/.2MRDAD11UGT6N1HT0098/SQFUSCQ1KMRSD6UMN5N7M,	Content Modified,	0
Jan 3, 2014, 4:36:54 PM	?[5426]:	/Users/owenchen/Documents/.2MRDAD11UGT6N1HT0098/SQFUSCQ1KMRSD6UMN5N7M,	Stat Changed,	0
Jan 3, 2014, 4:36:54 PM	?[5426]:	/Users/owenchen/Desktop/.DS_Store,	Stat Changed,	0
Jan 3, 2014, 4:36:54 PM	?[5426]:	/Users/owenchen/Desktop/.DS_Store,	Finder Info Changed,	0
Jan 3, 2014, 4:36:54 PM	?[5426]:	/Users/owenchen/Desktop/.DS_Store,	Stat Changed,	0
Jan 3, 2014, 4:36:54 PM	?[5426]:	/Users/owenchen/Desktop/.DS_Store,	Finder Info Changed,	0
Jan 3, 2014, 4:36:54 PM	?[5426]:	/Users/owenchen/Desktop/.DS_Store,	Stat Changed,	0
Jan 3, 2014, 4:36:54 PM	?[5426]:	/Users/owenchen/Desktop/.DS_Store,	Finder Info Changed,	0
Jan 3, 2014, 4:36:54 PM	?[5426]:	/Users/owenchen/Desktop/.DS_Store/rsrc,	Content Modified,	0
Jan 3, 2014, 4:36:54 PM	?[5426]:	/Users/owenchen/Desktop/.DS_Store,	Stat Changed,	0
Jan 3, 2014, 4:36:54 PM	?[5426]:	/Users/owenchen/Desktop/.DS_Store,	Finder Info Changed,	0
Jan 3, 2014, 4:36:54 PM	?[5426]:	/Users/owenchen/Public,	Modified xattr,	0
Jan 3, 2014, 4:36:54 PM	?[5426]:	/Users/owenchen/Library/Application Support/.9DE6435226FDE09B/NQ5ET_zbGLcS_E73DQ0A,	Stat Changed,	0
Jan 3, 2014, 4:36:54 PM	?[5426]:	/Users/owenchen/Library/Application Support/.9DE6435226FDE09B/NQ5ET_zbGLcS_E73DQ0A,	Content Modified,	0
Jan 3, 2014, 4:36:54 PM	?[5426]:	/Users/owenchen/Library/Application Support/.9DE6435226FDE09B/NQ5ET_zbGLcS_E73DQ0A,	Stat Changed,	0
Jan 3, 2014, 4:36:54 PM	?[5426]:	/Users/owenchen/Desktop/.DS_Store,	Stat Changed,	0
Jan 3, 2014, 4:36:54 PM	?[5426]:	/Users/owenchen/Desktop/.DS_Store,	Finder Info Changed,	0
Jan 3, 2014, 4:36:54 PM	?[5426]:	/Users/owenchen/Desktop/.DS_Store,	Stat Changed,	0
Jan 3, 2014, 4:36:54 PM	?[5426]:	/Users/owenchen/Desktop/.DS_Store,	Finder Info Changed,	0
Jan 3, 2014, 4:36:54 PM	?[5426]:	/Users/owenchen/Desktop/.DS_Store,	Stat Changed,	0
Jan 3, 2014, 4:36:54 PM	?[5426]:	/Users/owenchen/Desktop/.DS_Store,	Finder Info Changed,	0
Jan 3, 2014, 4:36:54 PM	?[5426]:	/Users/owenchen/Desktop/.DS_Store/rsrc,	Content Modified,	0
Jan 3, 2014, 4:36:54 PM	?[5426]:	/Users/owenchen/Desktop/.DS_Store,	Stat Changed,	0
Jan 3, 2014, 4:36:54 PM	?[5426]:	/Users/owenchen/Desktop/.DS_Store,	Finder Info Changed,	0
Jan 3, 2014, 4:36:54 PM	?[5426]:	/Users/owenchen/Public,	Modified xattr,	0
Jan 3, 2014, 4:36:54 PM	System[0]:	/Users/owenchen/Library/Application Support/Cycling '74,	Folder Changed,	3542972
Jan 3, 2014, 4:36:54 PM	System[0]:	/Users/owenchen/Library/Preferences/Authorization Preferences,	Folder Changed,	3542990
Jan 3, 2014, 4:36:54 PM	System[0]:	/Users/owenchen/Library/Application Support/Spotify,	Folder Changed,	3542995
Jan 3, 2014, 4:36:54 PM	System[0]:	/Users/owenchen/Library/Preferences,	Folder Changed,	3543148
Jan 3, 2014, 4:36:54 PM	System[0]:	/Users/owenchen/Documents/.2MRDAD11UGT6N1HT0098,	Folder Changed,	3543157
Jan 3, 2014, 4:36:54 PM	System[0]:	/Users/owenchen/Library/Application Support/.9DE6435226FDE09B,	Folder Changed,	3543196
Jan 3, 2014, 4:36:54 PM	System[0]:	/Users/owenchen/Desktop,	Folder Changed,	3543223
Jan 3, 2014, 4:36:54 PM	System[0]:	/Users/owenchen,	Folder Changed,	3543226
Jan 3, 2014, 4:36:55 PM	mdflagwriter[547]:	/Users/owenchen/Library/Application Support/Spotify/prefs,	Finder Info Changed,	0
Jan 3, 2014, 4:36:55 PM	Google Chrome[366]:	/private/var/folders/dq/61b0352136l8fdwjwyhkq74r0000gn/T/.com.google.Chrome.Sy05gf,	Modified xattr,	0
Jan 3, 2014, 4:36:55 PM	Google Chrome[366]:	/private/var/folders/dq/61b0352136l8fdwjwyhkq74r0000gn/T/.com.google.Chrome.Sy05gf,	File Created,	0
Jan 3, 2014, 4:36:55 PM	Google Chrome[366]:	/private/var/folders/dq/61b0352136l8fdwjwyhkq74r0000gn/T/.com.google.Chrome.Sy05gf,	Deleted,	0
Jan 3, 2014, 4:36:55 PM	Google Chrome[366]:	/private/var/folders/dq/61b0352136l8fdwjwyhkq74r0000gn/T/.com.google.Chrome.Sy05gf,	Stat Changed,	0
Jan 3, 2014, 4:36:55 PM	System[0]:	/Users/owenchen/Library/Application Support/Spotify,	Folder Changed,	3543229
Jan 3, 2014, 4:36:55 PM	System[0]:	/private/var/folders/dq/61b0352136l8fdwjwyhkq74r0000gn/T,	Folder Changed,	3543241
Jan 3, 2014, 4:36:58 PM	systemstatsd[4817]:	/private/var/db/systemstats/snapshots.db-shm,	Stat Changed,	0
Jan 3, 2014, 4:36:58 PM	systemstatsd[4817]:	/private/var/db/systemstats/snapshots.db,	Stat Changed,	0
Jan 3, 2014, 4:36:58 PM	systemstatsd[4817]:	/private/var/db/systemstats/snapshots.db-wal,	Stat Changed,	0
Jan 3, 2014, 4:36:58 PM	systemstatsd[4817]:	/private/var/db/systemstats/snapshots.db-wal,	Content Modified,	0
Jan 3, 2014, 4:36:58 PM	systemstatsd[4817]:	/private/var/db/systemstats/snapshots.db,	Content Modified,	0
Jan 3, 2014, 4:36:59 PM	System[0]:	/private/var/db/systemstats,	Folder Changed,	3543256
Jan 3, 2014, 4:36:59 PM	mdworker[5420]:	/private/var/folders/dq/61b0352136l8fdwjwyhkq74r0000gn/C/com.apple.mdworker.bundle/mds/mdsObject.db,	Deleted,	0
Jan 3, 2014, 4:36:59 PM	mdworker[5420]:	/private/var/folders/dq/61b0352136l8fdwjwyhkq74r0000gn/C/com.apple.mdworker.bundle/mds/mdsObject.db_,	File Created,	0
Jan 3, 2014, 4:36:59 PM	mdworker[5420]:	/private/var/folders/dq/61b0352136l8fdwjwyhkq74r0000gn/C/com.apple.mdworker.bundle/mds/mdsObject.db_,	Chown,	0
Jan 3, 2014, 4:36:59 PM	mdworker[5420]:	/private/var/folders/dq/61b0352136l8fdwjwyhkq74r0000gn/C/com.apple.mdworker.bundle/mds/mdsObject.db_,	Content Modified,	0
Jan 3, 2014, 4:36:59 PM	mdworker[5420]:	/private/var/folders/dq/61b0352136l8fdwjwyhkq74r0000gn/C/com.apple.mdworker.bundle/mds/mdsObject.db_,	Renamed,	0
Jan 3, 2014, 4:36:59 PM	mdworker[5420]:	/private/var/folders/dq/61b0352136l8fdwjwyhkq74r0000gn/C/com.apple.mdworker.bundle/mds/mdsObject.db,	Renamed,	0
Jan 3, 2014, 4:36:59 PM	mdworker[5420]:	/private/var/folders/dq/61b0352136l8fdwjwyhkq74r0000gn/C/com.apple.mdworker.bundle/mds/mdsDirectory.db_,	File Created,	0
Jan 3, 2014, 4:36:59 PM	mdworker[5420]:	/private/var/folders/dq/61b0352136l8fdwjwyhkq74r0000gn/C/com.apple.mdworker.bundle/mds/mdsDirectory.db_,	Chown,	0
Jan 3, 2014, 4:36:59 PM	mdworker[5420]:	/private/var/folders/dq/61b0352136l8fdwjwyhkq74r0000gn/C/com.apple.mdworker.bundle/mds/mdsDirectory.db_,	Content Modified,	0
Jan 3, 2014, 4:36:59 PM	mdworker[5420]:	/private/var/folders/dq/61b0352136l8fdwjwyhkq74r0000gn/C/com.apple.mdworker.bundle/mds/mdsDirectory.db_,	Renamed,	0
Jan 3, 2014, 4:36:59 PM	mdworker[5420]:	/private/var/folders/dq/61b0352136l8fdwjwyhkq74r0000gn/C/com.apple.mdworker.bundle/mds/mdsDirectory.db,	Renamed,	0
Jan 3, 2014, 4:37:00 PM	System[0]:	/private/var/folders/dq/61b0352136l8fdwjwyhkq74r0000gn/C/com.apple.mdworker.bundle/mds,	Folder Changed,	3543286
Jan 3, 2014, 4:37:00 PM	mdworker[5419]:	/private/var/folders/zz/zyxvpxvq6csfxvn_n00000b400002s/C/com.apple.mdworker.bundle/mds/mdsObject.db,	Deleted,	0
Jan 3, 2014, 4:37:00 PM	mdworker[5419]:	/private/var/folders/zz/zyxvpxvq6csfxvn_n00000b400002s/C/com.apple.mdworker.bundle/mds/mdsObject.db_,	File Created,	0
Jan 3, 2014, 4:37:00 PM	mdworker[5419]:	/private/var/folders/zz/zyxvpxvq6csfxvn_n00000b400002s/C/com.apple.mdworker.bundle/mds/mdsObject.db_,	Chown,	0
Jan 3, 2014, 4:37:00 PM	mdworker[5419]:	/private/var/folders/zz/zyxvpxvq6csfxvn_n00000b400002s/C/com.apple.mdworker.bundle/mds/mdsObject.db_,	Content Modified,	0
Jan 3, 2014, 4:37:00 PM	mdworker[5419]:	/private/var/folders/zz/zyxvpxvq6csfxvn_n00000b400002s/C/com.apple.mdworker.bundle/mds/mdsObject.db_,	Renamed,	0
Jan 3, 2014, 4:37:00 PM	mdworker[5419]:	/private/var/folders/zz/zyxvpxvq6csfxvn_n00000b400002s/C/com.apple.mdworker.bundle/mds/mdsObject.db,	Renamed,	0
Jan 3, 2014, 4:37:00 PM	mdworker[5419]:	/private/var/folders/zz/zyxvpxvq6csfxvn_n00000b400002s/C/com.apple.mdworker.bundle/mds/mdsDirectory.db_,	File Created,	0
Jan 3, 2014, 4:37:00 PM	mdworker[5419]:	/private/var/folders/zz/zyxvpxvq6csfxvn_n00000b400002s/C/com.apple.mdworker.bundle/mds/mdsDirectory.db_,	Chown,	0
Jan 3, 2014, 4:37:00 PM	mdworker[5419]:	/private/var/folders/zz/zyxvpxvq6csfxvn_n00000b400002s/C/com.apple.mdworker.bundle/mds/mdsDirectory.db_,	Content Modified,	0
Jan 3, 2014, 4:37:00 PM	mdworker[5419]:	/private/var/folders/zz/zyxvpxvq6csfxvn_n00000b400002s/C/com.apple.mdworker.bundle/mds/mdsDirectory.db_,	Renamed,	0
Jan 3, 2014, 4:37:00 PM	mdworker[5419]:	/private/var/folders/zz/zyxvpxvq6csfxvn_n00000b400002s/C/com.apple.mdworker.bundle/mds/mdsDirectory.db,	Renamed,	0
Jan 3, 2014, 4:37:01 PM	System[0]:	/private/var/folders/zz/zyxvpxvq6csfxvn_n00000b400002s/C/com.apple.mdworker.bundle/mds,	Folder Changed,	3543316
Jan 3, 2014, 4:37:01 PM	mds[39]:	/Library/Caches/com.apple.Spotlight/schema.89.scratch,	File Created,	0
Jan 3, 2014, 4:37:01 PM	mds[39]:	/Library/Caches/com.apple.Spotlight/schema.89.scratch,	Content Modified,	0
Jan 3, 2014, 4:37:01 PM	mds[39]:	/Library/Caches/com.apple.Spotlight/schema.89.scratch,	Renamed,	0
Jan 3, 2014, 4:37:01 PM	mds[39]:	/Library/Caches/com.apple.Spotlight/schema.89.plist,	Renamed,	0
Jan 3, 2014, 4:37:02 PM	cfprefsd[4804]:	/Users/owenchen/Library/Preferences/com.apple.internetconfig.plist.LRDJt0d,	File Created,	0
Jan 3, 2014, 4:37:02 PM	?[5426]:	/Users/owenchen/Library/Preferences/Authorization Preferences/Authorization Temp,	Content Modified,	0
Jan 3, 2014, 4:37:02 PM	?[5426]:	/Users/owenchen/Library/Preferences/Authorization Preferences/Authorization Temp,	Deleted,	0
Jan 3, 2014, 4:37:02 PM	?[5426]:	/Users/owenchen/Library/Preferences/Authorization Preferences/Authorization Log,	Content Modified,	0
Jan 3, 2014, 4:37:02 PM	?[5426]:	/Users/owenchen/Library/Application Support/Cycling '74/maxpreferences.maxpref,	Content Modified,	0
Jan 3, 2014, 4:37:02 PM	?[5426]:	/Users/owenchen/Library/Application Support/Cycling '74/inspector_recent.maxpref,	Content Modified,	0
Jan 3, 2014, 4:37:02 PM	?[5426]:	/Users/owenchen/Library/Application Support/Cycling '74/recentfonts.maxfonts,	Content Modified,	0
Jan 3, 2014, 4:37:02 PM	?[5426]:	/Users/owenchen/Library/Application Support/Cycling '74/favoritefonts.maxfonts,	Content Modified,	0
Jan 3, 2014, 4:37:02 PM	?[5426]:	/Users/owenchen/Library/Application Support/Cycling '74/maxdialogpaths.txt,	Content Modified,	0
Jan 3, 2014, 4:37:02 PM	?[5426]:	/Users/owenchen/Library/Application Support/Cycling '74/maxsearchpaths.txt,	Stat Changed,	0
Jan 3, 2014, 4:37:02 PM	?[5426]:	/Users/owenchen/Library/Application Support/Cycling '74/maxsearchpaths.txt,	Content Modified,	0
Jan 3, 2014, 4:37:02 PM	System[0]:	/Applications/Max6/Max.app,	Terminated App,	0
Jan 3, 2014, 4:37:02 PM	warmd[24]:	/private/var/db/BootCaches/6DCC1580-6510-4669-A1CD-E479E84AE726/app.com.cycling74.Max.playlist,	Removed xattr,	0
Jan 3, 2014, 4:37:02 PM	System[0]:	/Library/Caches/com.apple.Spotlight,	Folder Changed,	3543327
Jan 3, 2014, 4:37:02 PM	System[0]:	/Users/owenchen/Library/Preferences,	Folder Changed,	3543330
Jan 3, 2014, 4:37:02 PM	System[0]:	/Users/owenchen/Library/Preferences/Authorization Preferences,	Folder Changed,	3543339
Jan 3, 2014, 4:37:02 PM	System[0]:	/Users/owenchen/Library/Application Support/Cycling '74,	Folder Changed,	3543360
Jan 3, 2014, 4:37:02 PM	System[0]:	/private/var/db/BootCaches/6DCC1580-6510-4669-A1CD-E479E84AE726,	Folder Changed,	3543363
Jan 3, 2014, 4:37:03 PM	fseventer[5351]:	note,	Stopped Recording,	0
